<?xml version="1.0" encoding="UTF-8"?>
<!-- Generated by org.testng.reporters.JUnitReportReporter -->
<testsuite hostname="DESKTOP-S4VQME9" failures="0" tests="3" name="eshop.payment" time="0.005" errors="0" timestamp="2024-03-20T09:56:51 IST" skipped="0">
  <testcase classname="eshop.payment" name="debitCard" time="0.002"/>
  <testcase classname="eshop.payment" name="COD" time="0.002"/>
  <testcase classname="eshop.payment" name="UPI" time="0.001"/>
</testsuite> <!-- eshop.payment -->
