<?xml version="1.0" encoding="UTF-8"?>
<!-- Generated by org.testng.reporters.JUnitReportReporter -->
<testsuite hostname="DESKTOP-S4VQME9" failures="0" tests="1" name="eshop.user" time="0.016" errors="0" timestamp="2024-03-20T09:56:51 IST" skipped="0">
  <testcase classname="eshop.user" name="createAcconnt" time="0.016"/>
</testsuite> <!-- eshop.user -->
