<?xml version="1.0" encoding="UTF-8"?>
<!-- Generated by org.testng.reporters.JUnitReportReporter -->
<testsuite hostname="DESKTOP-S4VQME9" failures="0" tests="1" name="parameters.LoginTest" time="2.828" errors="0" timestamp="2024-03-22T10:31:43 IST" skipped="0">
  <testcase classname="parameters.LoginTest" name="login" time="2.828"/>
</testsuite> <!-- parameters.LoginTest -->
