<?xml version="1.0" encoding="UTF-8"?>
<!-- Generated by org.testng.reporters.JUnitReportReporter -->
<testsuite hostname="DESKTOP-S4VQME9" failures="0" tests="4" name="basic.first" time="0.013" errors="0" timestamp="2024-03-15T10:29:23 IST" skipped="0">
  <testcase classname="basic.first" name="test1" time="0.010"/>
  <testcase classname="basic.first" name="test2" time="0.001"/>
  <testcase classname="basic.first" name="test3" time="0.001"/>
  <testcase classname="basic.first" name="test4" time="0.001"/>
</testsuite> <!-- basic.first -->
