<?xml version="1.0" encoding="UTF-8"?>
<!-- Generated by org.testng.reporters.JUnitReportReporter -->
<testsuite hostname="DESKTOP-S4VQME9" failures="0" tests="4" name="parameters.FBPara" time="8.510" errors="0" timestamp="2024-03-22T10:43:57 IST" skipped="0">
  <testcase classname="parameters.FBPara" name="login" time="1.982"/>
  <testcase classname="parameters.FBPara" name="login" time="2.029"/>
  <testcase classname="parameters.FBPara" name="login" time="2.450"/>
  <testcase classname="parameters.FBPara" name="login" time="2.049"/>
</testsuite> <!-- parameters.FBPara -->
