<?xml version="1.0" encoding="UTF-8"?>
<!-- Generated by org.testng.reporters.JUnitReportReporter -->
<testsuite hostname="DESKTOP-S4VQME9" failures="0" tests="1" name="eshop.user" time="0.011" errors="0" timestamp="2024-03-15T10:49:21 IST" skipped="0">
  <testcase classname="eshop.user" name="profile" time="0.011"/>
</testsuite> <!-- eshop.user -->
