<?xml version="1.0" encoding="UTF-8"?>
<!-- Generated by org.testng.reporters.JUnitReportReporter -->
<testsuite hostname="DESKTOP-S4VQME9" failures="0" tests="5" name="basic.user" time="0.012" errors="0" timestamp="2024-03-15T10:34:58 IST" skipped="0">
  <testcase classname="basic.user" name="createAcconnt" time="0.009"/>
  <testcase classname="basic.user" name="login" time="0.001"/>
  <testcase classname="basic.user" name="profile" time="0.000"/>
  <testcase classname="basic.user" name="changePassword" time="0.001"/>
  <testcase classname="basic.user" name="logout" time="0.001"/>
</testsuite> <!-- basic.user -->
