<?xml version="1.0" encoding="UTF-8"?>
<!-- Generated by org.testng.reporters.JUnitReportReporter -->
<testsuite hostname="DESKTOP-S4VQME9" failures="0" tests="5" name="eshop.product" time="0.023" errors="0" timestamp="2024-03-20T09:56:51 IST" skipped="0">
  <testcase classname="eshop.product" name="searchProduct" time="0.004"/>
  <testcase classname="eshop.product" name="selectProdcut" time="0.005"/>
  <testcase classname="eshop.product" name="cartManage" time="0.010"/>
  <testcase classname="eshop.product" name="wishlst" time="0.002"/>
  <testcase classname="eshop.product" name="addtocart" time="0.002"/>
</testsuite> <!-- eshop.product -->
